<?xml version="1.0" encoding="UTF-8" ?>
<testsuite tests="4" failures="1" name="pos.services.OrderServiceTest" time="0.166" errors="0" skipped="0">
  <properties>
[...]
</properties>
  <testcase classname="pos.services.OrderServiceTest" name="getAll" time="0.082"/>
  <testcase classname="pos.services.OrderServiceTest" name="add" time="0.018"/>
  <testcase classname="pos.services.OrderServiceTest" name="get" time="0.04">
    <failure message="expected:&lt;Optional[100021]&gt; but was:&lt;100021&gt;" type="java.lang.AssertionError">java.lang.AssertionError: expected:&lt;Optional[100021]&gt; but was:&lt;100021&gt;
	at org.junit.Assert.fail(Assert.java:88)
	at org.junit.Assert.failNotEquals(Assert.java:834)
	at org.junit.Assert.assertEquals(Assert.java:118)
	at org.junit.Assert.assertEquals(Assert.java:144)
	at pos.services.OrderServiceTest.get(OrderServiceTest.java:51)
	at sun.reflect.NativeMethodAccessorImpl.invoke0(Native Method)
	at sun.reflect.NativeMethodAccessorImpl.invoke(NativeMethodAccessorImpl.java:62)
	at sun.reflect.DelegatingMethodAccessorImpl.invoke(DelegatingMethodAccessorImpl.java:43)
	at java.lang.reflect.Method.invoke(Method.java:498)
	at org.junit.runners.model.FrameworkMethod$1.runReflectiveCall(FrameworkMethod.java:50)
	at org.junit.internal.runners.model.ReflectiveCallable.run(ReflectiveCallable.java:12)
	at org.junit.runners.model.FrameworkMethod.invokeExplosively(FrameworkMethod.java:47)
	at org.junit.internal.runners.statements.InvokeMethod.evaluate(InvokeMethod.java:17)
	at org.springframework.test.context.junit4.statements.RunBeforeTestMethodCallbacks.evaluate(RunBeforeTestMethodCallbacks.java:75)
	at org.springframework.test.context.junit4.statements.RunAfterTestMethodCallbacks.evaluate(RunAfterTestMethodCallbacks.java:86)
	at org.springframework.test.context.junit4.statements.SpringRepeat.evaluate(SpringRepeat.java:84)
	at org.junit.runners.ParentRunner.runLeaf(ParentRunner.java:325)
	at org.springframework.test.context.junit4.SpringJUnit4ClassRunner.runChild(SpringJUnit4ClassRunner.java:252)
	at org.springframework.test.context.junit4.SpringJUnit4ClassRunner.runChild(SpringJUnit4ClassRunner.java:94)
	at org.junit.runners.ParentRunner$3.run(ParentRunner.java:290)
	at org.junit.runners.ParentRunner$1.schedule(ParentRunner.java:71)
	at org.junit.runners.ParentRunner.runChildren(ParentRunner.java:288)
	at org.junit.runners.ParentRunner.access$000(ParentRunner.java:58)
	at org.junit.runners.ParentRunner$2.evaluate(ParentRunner.java:268)
	at org.springframework.test.context.junit4.statements.RunBeforeTestClassCallbacks.evaluate(RunBeforeTestClassCallbacks.java:61)
	at org.springframework.test.context.junit4.statements.RunAfterTestClassCallbacks.evaluate(RunAfterTestClassCallbacks.java:70)
	at org.junit.runners.ParentRunner.run(ParentRunner.java:363)
	at org.springframework.test.context.junit4.SpringJUnit4ClassRunner.run(SpringJUnit4ClassRunner.java:191)
	at org.apache.maven.surefire.junit4.JUnit4Provider.execute(JUnit4Provider.java:252)
	at org.apache.maven.surefire.junit4.JUnit4Provider.executeTestSet(JUnit4Provider.java:141)
	at org.apache.maven.surefire.junit4.JUnit4Provider.invoke(JUnit4Provider.java:112)
	at sun.reflect.NativeMethodAccessorImpl.invoke0(Native Method)
	at sun.reflect.NativeMethodAccessorImpl.invoke(NativeMethodAccessorImpl.java:62)
	at sun.reflect.DelegatingMethodAccessorImpl.invoke(DelegatingMethodAccessorImpl.java:43)
	at java.lang.reflect.Method.invoke(Method.java:498)
	at org.apache.maven.surefire.util.ReflectionUtils.invokeMethodWithArray(ReflectionUtils.java:189)
	at org.apache.maven.surefire.booter.ProviderFactory$ProviderProxy.invoke(ProviderFactory.java:165)
	at org.apache.maven.surefire.booter.ProviderFactory.invokeProvider(ProviderFactory.java:85)
	at org.apache.maven.surefire.booter.ForkedBooter.runSuitesInProcess(ForkedBooter.java:115)
	at org.apache.maven.surefire.booter.ForkedBooter.main(ForkedBooter.java:75)
</failure>
    <system-out>11:51:43.355 [main] DEBUG org.hibernate.engine.transaction.internal.TransactionImpl - On TransactionImpl creation, JpaCompliance#isJpaTransactionComplianceEnabled == false
11:51:43.355 [main] DEBUG org.hibernate.engine.transaction.internal.TransactionImpl - begin
11:51:43.357 [main] DEBUG org.hibernate.SQL - select tbl.next_val from orderGen tbl where tbl.sequence_name=? for update
11:51:43.357 [main] DEBUG org.hibernate.SQL - update orderGen set next_val=?  where next_val=? and sequence_name=?
11:51:43.360 [main] DEBUG org.hibernate.event.internal.AbstractSaveEventListener - Generated identifier: 100017, using strategy: org.hibernate.id.enhanced.TableGenerator
11:51:43.361 [main] DEBUG org.hibernate.SQL - select tbl.next_val from orderGen tbl where tbl.sequence_name=? for update
11:51:43.361 [main] DEBUG org.hibernate.SQL - update orderGen set next_val=?  where next_val=? and sequence_name=?
11:51:43.362 [main] DEBUG org.hibernate.event.internal.AbstractSaveEventListener - Generated identifier: 100018, using strategy: org.hibernate.id.enhanced.TableGenerator
11:51:43.363 [main] DEBUG org.hibernate.SQL - select tbl.next_val from orderGen tbl where tbl.sequence_name=? for update
11:51:43.363 [main] DEBUG org.hibernate.SQL - update orderGen set next_val=?  where next_val=? and sequence_name=?
11:51:43.364 [main] DEBUG org.hibernate.event.internal.AbstractSaveEventListener - Generated identifier: 100019, using strategy: org.hibernate.id.enhanced.TableGenerator
11:51:43.365 [main] DEBUG org.hibernate.SQL - select tbl.next_val from orderGen tbl where tbl.sequence_name=? for update
11:51:43.367 [main] DEBUG org.hibernate.SQL - update orderGen set next_val=?  where next_val=? and sequence_name=?
11:51:43.370 [main] DEBUG org.hibernate.event.internal.AbstractSaveEventListener - Generated identifier: 100020, using strategy: org.hibernate.id.enhanced.TableGenerator
11:51:43.371 [main] DEBUG org.hibernate.SQL - select tbl.next_val from orderGen tbl where tbl.sequence_name=? for update
11:51:43.372 [main] DEBUG org.hibernate.SQL - update orderGen set next_val=?  where next_val=? and sequence_name=?
11:51:43.374 [main] DEBUG org.hibernate.event.internal.AbstractSaveEventListener - Generated identifier: 100021, using strategy: org.hibernate.id.enhanced.TableGenerator
11:51:43.375 [main] DEBUG org.hibernate.query.criteria.internal.CriteriaQueryImpl - Rendered criteria query -&gt; select generatedAlias0 from OrderPojo as generatedAlias0
11:51:43.375 [main] DEBUG org.hibernate.event.internal.AbstractFlushingEventListener - Processing flush-time cascades
11:51:43.375 [main] DEBUG org.hibernate.event.internal.AbstractFlushingEventListener - Dirty checking collections
11:51:43.375 [main] DEBUG org.hibernate.event.internal.AbstractFlushingEventListener - Flushed: 5 insertions, 0 updates, 0 deletions to 5 objects
11:51:43.375 [main] DEBUG org.hibernate.event.internal.AbstractFlushingEventListener - Flushed: 0 (re)creations, 0 updates, 0 removals to 0 collections
11:51:43.375 [main] DEBUG org.hibernate.internal.util.EntityPrinter - Listing entities:
11:51:43.375 [main] DEBUG org.hibernate.internal.util.EntityPrinter - pos.pojo.OrderPojo{orderPlaced=false, id=100019, time=Thu Jul 28 11:51:43 IST 2022}
11:51:43.375 [main] DEBUG org.hibernate.internal.util.EntityPrinter - pos.pojo.OrderPojo{orderPlaced=false, id=100020, time=Thu Jul 28 11:51:43 IST 2022}
11:51:43.375 [main] DEBUG org.hibernate.internal.util.EntityPrinter - pos.pojo.OrderPojo{orderPlaced=false, id=100017, time=Thu Jul 28 11:51:43 IST 2022}
11:51:43.375 [main] DEBUG org.hibernate.internal.util.EntityPrinter - pos.pojo.OrderPojo{orderPlaced=false, id=100018, time=Thu Jul 28 11:51:43 IST 2022}
11:51:43.375 [main] DEBUG org.hibernate.internal.util.EntityPrinter - pos.pojo.OrderPojo{orderPlaced=false, id=100021, time=Thu Jul 28 11:51:43 IST 2022}
11:51:43.375 [main] DEBUG org.hibernate.engine.spi.ActionQueue - Changes must be flushed to space: pos_order_pojo
11:51:43.376 [main] DEBUG org.hibernate.SQL - insert into pos_order_pojo (orderPlaced, time, id) values (?, ?, ?)
11:51:43.377 [main] DEBUG org.hibernate.SQL - insert into pos_order_pojo (orderPlaced, time, id) values (?, ?, ?)
11:51:43.377 [main] DEBUG org.hibernate.SQL - insert into pos_order_pojo (orderPlaced, time, id) values (?, ?, ?)
11:51:43.377 [main] DEBUG org.hibernate.SQL - insert into pos_order_pojo (orderPlaced, time, id) values (?, ?, ?)
11:51:43.377 [main] DEBUG org.hibernate.SQL - insert into pos_order_pojo (orderPlaced, time, id) values (?, ?, ?)
11:51:43.377 [main] DEBUG org.hibernate.SQL - select orderpojo0_.id as id1_3_, orderpojo0_.orderPlaced as orderPla2_3_, orderpojo0_.time as time3_3_ from pos_order_pojo orderpojo0_
11:51:43.378 [main] DEBUG org.hibernate.loader.Loader - Result set row: 0
11:51:43.378 [main] DEBUG org.hibernate.loader.Loader - Result row: EntityKey[pos.pojo.OrderPojo#100017]
11:51:43.378 [main] DEBUG org.hibernate.loader.Loader - Result set row: 1
11:51:43.378 [main] DEBUG org.hibernate.loader.Loader - Result row: EntityKey[pos.pojo.OrderPojo#100018]
11:51:43.378 [main] DEBUG org.hibernate.loader.Loader - Result set row: 2
11:51:43.378 [main] DEBUG org.hibernate.loader.Loader - Result row: EntityKey[pos.pojo.OrderPojo#100019]
11:51:43.378 [main] DEBUG org.hibernate.loader.Loader - Result set row: 3
11:51:43.379 [main] DEBUG org.hibernate.loader.Loader - Result row: EntityKey[pos.pojo.OrderPojo#100020]
11:51:43.379 [main] DEBUG org.hibernate.loader.Loader - Result set row: 4
11:51:43.379 [main] DEBUG org.hibernate.loader.Loader - Result row: EntityKey[pos.pojo.OrderPojo#100021]
11:51:43.383 [main] DEBUG org.hibernate.query.criteria.internal.CriteriaQueryImpl - Rendered criteria query -&gt; select generatedAlias0 from OrderPojo as generatedAlias0 where generatedAlias0.id=100021
11:51:43.383 [main] DEBUG org.hibernate.hql.internal.ast.QueryTranslatorImpl - parse() - HQL: select generatedAlias0 from pos.pojo.OrderPojo as generatedAlias0 where generatedAlias0.id=100021
11:51:43.384 [main] DEBUG org.hibernate.hql.internal.ast.ErrorTracker - throwQueryException() : no errors
11:51:43.384 [main] DEBUG org.hibernate.hql.internal.ast.QueryTranslatorImpl - --- HQL AST ---
 \-[QUERY] Node: &apos;query&apos;
    +-[SELECT_FROM] Node: &apos;SELECT_FROM&apos;
    |  +-[FROM] Node: &apos;from&apos;
    |  |  \-[RANGE] Node: &apos;RANGE&apos;
    |  |     +-[DOT] Node: &apos;.&apos;
    |  |     |  +-[DOT] Node: &apos;.&apos;
    |  |     |  |  +-[IDENT] Node: &apos;pos&apos;
    |  |     |  |  \-[IDENT] Node: &apos;pojo&apos;
    |  |     |  \-[IDENT] Node: &apos;OrderPojo&apos;
    |  |     \-[ALIAS] Node: &apos;generatedAlias0&apos;
    |  \-[SELECT] Node: &apos;select&apos;
    |     \-[IDENT] Node: &apos;generatedAlias0&apos;
    \-[WHERE] Node: &apos;where&apos;
       \-[EQ] Node: &apos;=&apos;
          +-[DOT] Node: &apos;.&apos;
          |  +-[IDENT] Node: &apos;generatedAlias0&apos;
          |  \-[IDENT] Node: &apos;id&apos;
          \-[NUM_INT] Node: &apos;100021&apos;

11:51:43.385 [main] DEBUG org.hibernate.hql.internal.antlr.HqlSqlBaseWalker - select &lt;&lt; begin [level=1, statement=select]
11:51:43.385 [main] DEBUG org.hibernate.hql.internal.ast.tree.FromElement - FromClause{level=1} : pos.pojo.OrderPojo (generatedAlias0) -&gt; orderpojo0_
11:51:43.385 [main] DEBUG org.hibernate.hql.internal.ast.tree.FromReferenceNode - Resolved : generatedAlias0 -&gt; orderpojo0_.id
11:51:43.385 [main] DEBUG org.hibernate.hql.internal.ast.tree.FromReferenceNode - Resolved : generatedAlias0 -&gt; orderpojo0_.id
11:51:43.385 [main] DEBUG org.hibernate.hql.internal.ast.tree.DotNode - getDataType() : id -&gt; org.hibernate.type.IntegerType@55de1b68
11:51:43.385 [main] DEBUG org.hibernate.hql.internal.ast.tree.FromReferenceNode - Resolved : generatedAlias0.id -&gt; orderpojo0_.id
11:51:43.385 [main] DEBUG org.hibernate.hql.internal.antlr.HqlSqlBaseWalker - select : finishing up [level=1, statement=select]
11:51:43.385 [main] DEBUG org.hibernate.hql.internal.ast.HqlSqlWalker - processQuery() :  ( SELECT ( {select clause} orderpojo0_.id ) ( FromClause{level=1} pos_order_pojo orderpojo0_ ) ( where ( = ( orderpojo0_.id orderpojo0_.id id ) 100021 ) ) )
11:51:43.386 [main] DEBUG org.hibernate.hql.internal.ast.util.JoinProcessor - Using FROM fragment [pos_order_pojo orderpojo0_]
11:51:43.386 [main] DEBUG org.hibernate.hql.internal.antlr.HqlSqlBaseWalker - select &gt;&gt; end [level=1, statement=select]
11:51:43.386 [main] DEBUG org.hibernate.hql.internal.ast.QueryTranslatorImpl - --- SQL AST ---
 \-[SELECT] QueryNode: &apos;SELECT&apos;  querySpaces (pos_order_pojo)
    +-[SELECT_CLAUSE] SelectClause: &apos;{select clause}&apos;
    |  +-[ALIAS_REF] IdentNode: &apos;orderpojo0_.id as id1_3_&apos; {alias=generatedAlias0, className=pos.pojo.OrderPojo, tableAlias=orderpojo0_}
    |  \-[SQL_TOKEN] SqlFragment: &apos;orderpojo0_.orderPlaced as orderPla2_3_, orderpojo0_.time as time3_3_&apos;
    +-[FROM] FromClause: &apos;from&apos; FromClause{level=1, fromElementCounter=1, fromElements=1, fromElementByClassAlias=[generatedAlias0], fromElementByTableAlias=[orderpojo0_], fromElementsByPath=[], collectionJoinFromElementsByPath=[], impliedElements=[]}
    |  \-[FROM_FRAGMENT] FromElement: &apos;pos_order_pojo orderpojo0_&apos; FromElement{explicit,not a collection join,not a fetch join,fetch non-lazy properties,classAlias=generatedAlias0,role=null,tableName=pos_order_pojo,tableAlias=orderpojo0_,origin=null,columns={,className=pos.pojo.OrderPojo}}
    \-[WHERE] SqlNode: &apos;where&apos;
       \-[EQ] BinaryLogicOperatorNode: &apos;=&apos;
          +-[DOT] DotNode: &apos;orderpojo0_.id&apos; {propertyName=id,dereferenceType=PRIMITIVE,getPropertyPath=id,path=generatedAlias0.id,tableAlias=orderpojo0_,className=pos.pojo.OrderPojo,classAlias=generatedAlias0}
          |  +-[ALIAS_REF] IdentNode: &apos;orderpojo0_.id&apos; {alias=generatedAlias0, className=pos.pojo.OrderPojo, tableAlias=orderpojo0_}
          |  \-[IDENT] IdentNode: &apos;id&apos; {originalText=id}
          \-[NUM_INT] LiteralNode: &apos;100021&apos;

11:51:43.386 [main] DEBUG org.hibernate.hql.internal.ast.ErrorTracker - throwQueryException() : no errors
11:51:43.386 [main] DEBUG org.hibernate.hql.internal.ast.QueryTranslatorImpl - HQL: select generatedAlias0 from pos.pojo.OrderPojo as generatedAlias0 where generatedAlias0.id=100021
11:51:43.386 [main] DEBUG org.hibernate.hql.internal.ast.QueryTranslatorImpl - SQL: select orderpojo0_.id as id1_3_, orderpojo0_.orderPlaced as orderPla2_3_, orderpojo0_.time as time3_3_ from pos_order_pojo orderpojo0_ where orderpojo0_.id=100021
11:51:43.386 [main] DEBUG org.hibernate.hql.internal.ast.ErrorTracker - throwQueryException() : no errors
11:51:43.387 [main] DEBUG org.hibernate.event.internal.AbstractFlushingEventListener - Processing flush-time cascades
11:51:43.388 [main] DEBUG org.hibernate.event.internal.AbstractFlushingEventListener - Dirty checking collections
11:51:43.388 [main] DEBUG org.hibernate.event.internal.AbstractFlushingEventListener - Flushed: 0 insertions, 0 updates, 0 deletions to 5 objects
11:51:43.388 [main] DEBUG org.hibernate.event.internal.AbstractFlushingEventListener - Flushed: 0 (re)creations, 0 updates, 0 removals to 0 collections
11:51:43.388 [main] DEBUG org.hibernate.internal.util.EntityPrinter - Listing entities:
11:51:43.388 [main] DEBUG org.hibernate.internal.util.EntityPrinter - pos.pojo.OrderPojo{orderPlaced=false, id=100019, time=Thu Jul 28 11:51:43 IST 2022}
11:51:43.388 [main] DEBUG org.hibernate.internal.util.EntityPrinter - pos.pojo.OrderPojo{orderPlaced=false, id=100020, time=Thu Jul 28 11:51:43 IST 2022}
11:51:43.388 [main] DEBUG org.hibernate.internal.util.EntityPrinter - pos.pojo.OrderPojo{orderPlaced=false, id=100017, time=Thu Jul 28 11:51:43 IST 2022}
11:51:43.388 [main] DEBUG org.hibernate.internal.util.EntityPrinter - pos.pojo.OrderPojo{orderPlaced=false, id=100018, time=Thu Jul 28 11:51:43 IST 2022}
11:51:43.388 [main] DEBUG org.hibernate.internal.util.EntityPrinter - pos.pojo.OrderPojo{orderPlaced=false, id=100021, time=Thu Jul 28 11:51:43 IST 2022}
11:51:43.389 [main] DEBUG org.hibernate.SQL - select orderpojo0_.id as id1_3_, orderpojo0_.orderPlaced as orderPla2_3_, orderpojo0_.time as time3_3_ from pos_order_pojo orderpojo0_ where orderpojo0_.id=100021
11:51:43.391 [main] DEBUG org.hibernate.loader.Loader - Result set row: 0
11:51:43.391 [main] DEBUG org.hibernate.loader.Loader - Result row: EntityKey[pos.pojo.OrderPojo#100021]
11:51:43.391 [main] DEBUG org.hibernate.engine.transaction.internal.TransactionImpl - rolling back
</system-out>
  </testcase>
  <testcase classname="pos.services.OrderServiceTest" name="updateOrderStatus" time="0.026"/>
</testsuite>