<?xml version="1.0" encoding="UTF-8" ?>
<testsuite tests="13" failures="1" name="pos.services.BrandServicesTest" time="0.253" errors="0" skipped="0">
  <properties>
[...]
</properties>
  <testcase classname="pos.services.BrandServicesTest" name="brandAddErrorUnique" time="0.058"/>
  <testcase classname="pos.services.BrandServicesTest" name="brandUpdateErrorWrongId" time="0.009"/>
  <testcase classname="pos.services.BrandServicesTest" name="brandGetAll" time="0.013"/>
  <testcase classname="pos.services.BrandServicesTest" name="bulkAddErrorEmpty" time="0.009"/>
  <testcase classname="pos.services.BrandServicesTest" name="brandUpdate" time="0.016"/>
  <testcase classname="pos.services.BrandServicesTest" name="brandAdd" time="0.009">
    <failure message="expected:&lt;Optional[1]&gt; but was:&lt;1&gt;" type="java.lang.AssertionError">java.lang.AssertionError: expected:&lt;Optional[1]&gt; but was:&lt;1&gt;
	at org.junit.Assert.fail(Assert.java:88)
	at org.junit.Assert.failNotEquals(Assert.java:834)
	at org.junit.Assert.assertEquals(Assert.java:118)
	at org.junit.Assert.assertEquals(Assert.java:144)
	at pos.services.BrandServicesTest.brandAdd(BrandServicesTest.java:75)
	at sun.reflect.NativeMethodAccessorImpl.invoke0(Native Method)
	at sun.reflect.NativeMethodAccessorImpl.invoke(NativeMethodAccessorImpl.java:62)
	at sun.reflect.DelegatingMethodAccessorImpl.invoke(DelegatingMethodAccessorImpl.java:43)
	at java.lang.reflect.Method.invoke(Method.java:498)
	at org.junit.runners.model.FrameworkMethod$1.runReflectiveCall(FrameworkMethod.java:50)
	at org.junit.internal.runners.model.ReflectiveCallable.run(ReflectiveCallable.java:12)
	at org.junit.runners.model.FrameworkMethod.invokeExplosively(FrameworkMethod.java:47)
	at org.junit.internal.runners.statements.InvokeMethod.evaluate(InvokeMethod.java:17)
	at org.springframework.test.context.junit4.statements.RunBeforeTestMethodCallbacks.evaluate(RunBeforeTestMethodCallbacks.java:75)
	at org.springframework.test.context.junit4.statements.RunAfterTestMethodCallbacks.evaluate(RunAfterTestMethodCallbacks.java:86)
	at org.springframework.test.context.junit4.statements.SpringRepeat.evaluate(SpringRepeat.java:84)
	at org.junit.runners.ParentRunner.runLeaf(ParentRunner.java:325)
	at org.springframework.test.context.junit4.SpringJUnit4ClassRunner.runChild(SpringJUnit4ClassRunner.java:252)
	at org.springframework.test.context.junit4.SpringJUnit4ClassRunner.runChild(SpringJUnit4ClassRunner.java:94)
	at org.junit.runners.ParentRunner$3.run(ParentRunner.java:290)
	at org.junit.runners.ParentRunner$1.schedule(ParentRunner.java:71)
	at org.junit.runners.ParentRunner.runChildren(ParentRunner.java:288)
	at org.junit.runners.ParentRunner.access$000(ParentRunner.java:58)
	at org.junit.runners.ParentRunner$2.evaluate(ParentRunner.java:268)
	at org.springframework.test.context.junit4.statements.RunBeforeTestClassCallbacks.evaluate(RunBeforeTestClassCallbacks.java:61)
	at org.springframework.test.context.junit4.statements.RunAfterTestClassCallbacks.evaluate(RunAfterTestClassCallbacks.java:70)
	at org.junit.runners.ParentRunner.run(ParentRunner.java:363)
	at org.springframework.test.context.junit4.SpringJUnit4ClassRunner.run(SpringJUnit4ClassRunner.java:191)
	at org.apache.maven.surefire.junit4.JUnit4Provider.execute(JUnit4Provider.java:252)
	at org.apache.maven.surefire.junit4.JUnit4Provider.executeTestSet(JUnit4Provider.java:141)
	at org.apache.maven.surefire.junit4.JUnit4Provider.invoke(JUnit4Provider.java:112)
	at sun.reflect.NativeMethodAccessorImpl.invoke0(Native Method)
	at sun.reflect.NativeMethodAccessorImpl.invoke(NativeMethodAccessorImpl.java:62)
	at sun.reflect.DelegatingMethodAccessorImpl.invoke(DelegatingMethodAccessorImpl.java:43)
	at java.lang.reflect.Method.invoke(Method.java:498)
	at org.apache.maven.surefire.util.ReflectionUtils.invokeMethodWithArray(ReflectionUtils.java:189)
	at org.apache.maven.surefire.booter.ProviderFactory$ProviderProxy.invoke(ProviderFactory.java:165)
	at org.apache.maven.surefire.booter.ProviderFactory.invokeProvider(ProviderFactory.java:85)
	at org.apache.maven.surefire.booter.ForkedBooter.runSuitesInProcess(ForkedBooter.java:115)
	at org.apache.maven.surefire.booter.ForkedBooter.main(ForkedBooter.java:75)
</failure>
    <system-out>11:51:43.578 [main] DEBUG org.hibernate.engine.transaction.internal.TransactionImpl - On TransactionImpl creation, JpaCompliance#isJpaTransactionComplianceEnabled == false
11:51:43.578 [main] DEBUG org.hibernate.engine.transaction.internal.TransactionImpl - begin
11:51:43.579 [main] DEBUG org.hibernate.query.criteria.internal.CriteriaQueryImpl - Rendered criteria query -&gt; select generatedAlias0 from BrandPojo as generatedAlias0
11:51:43.579 [main] DEBUG org.hibernate.SQL - select brandpojo0_.id as id1_0_, brandpojo0_.brand as brand2_0_, brandpojo0_.category as category3_0_ from pos_brand_pojo brandpojo0_
11:51:43.580 [main] DEBUG org.hibernate.SQL - select brandpojo0_.id as id1_0_, brandpojo0_.brand as brand2_0_, brandpojo0_.category as category3_0_ from pos_brand_pojo brandpojo0_ where brandpojo0_.brand=? and brandpojo0_.category=?
11:51:43.582 [main] DEBUG org.hibernate.engine.spi.ActionQueue - Executing identity-insert immediately
11:51:43.582 [main] DEBUG org.hibernate.SQL - insert into pos_brand_pojo (id, brand, category) values (null, ?, ?)
11:51:43.583 [main] DEBUG org.hibernate.id.IdentifierGeneratorHelper - Natively generated identity: 32
11:51:43.583 [main] DEBUG org.hibernate.resource.jdbc.internal.ResourceRegistryStandardImpl - HHH000387: ResultSet&apos;s statement was not registered
11:51:43.585 [main] DEBUG org.hibernate.query.criteria.internal.CriteriaQueryImpl - Rendered criteria query -&gt; select generatedAlias0 from BrandPojo as generatedAlias0
11:51:43.585 [main] DEBUG org.hibernate.event.internal.AbstractFlushingEventListener - Processing flush-time cascades
11:51:43.585 [main] DEBUG org.hibernate.event.internal.AbstractFlushingEventListener - Dirty checking collections
11:51:43.585 [main] DEBUG org.hibernate.event.internal.AbstractFlushingEventListener - Flushed: 0 insertions, 0 updates, 0 deletions to 1 objects
11:51:43.585 [main] DEBUG org.hibernate.event.internal.AbstractFlushingEventListener - Flushed: 0 (re)creations, 0 updates, 0 removals to 0 collections
11:51:43.585 [main] DEBUG org.hibernate.internal.util.EntityPrinter - Listing entities:
11:51:43.585 [main] DEBUG org.hibernate.internal.util.EntityPrinter - pos.pojo.BrandPojo{id=32, category=tsteeuxfrdy, brand=tstclbkf8ti}
11:51:43.585 [main] DEBUG org.hibernate.SQL - select brandpojo0_.id as id1_0_, brandpojo0_.brand as brand2_0_, brandpojo0_.category as category3_0_ from pos_brand_pojo brandpojo0_
11:51:43.585 [main] DEBUG org.hibernate.loader.Loader - Result set row: 0
11:51:43.586 [main] DEBUG org.hibernate.loader.Loader - Result row: EntityKey[pos.pojo.BrandPojo#32]
11:51:43.586 [main] DEBUG org.hibernate.engine.transaction.internal.TransactionImpl - rolling back
</system-out>
  </testcase>
  <testcase classname="pos.services.BrandServicesTest" name="brandGet" time="0.018"/>
  <testcase classname="pos.services.BrandServicesTest" name="brandAddErrorUniqueNormalize" time="0.011"/>
  <testcase classname="pos.services.BrandServicesTest" name="brandAddEmptyObject" time="0.009"/>
  <testcase classname="pos.services.BrandServicesTest" name="bulkAdd" time="0.022"/>
  <testcase classname="pos.services.BrandServicesTest" name="brandUpdateErrorUnique" time="0.033"/>
  <testcase classname="pos.services.BrandServicesTest" name="brandUpdateErrorEmptyObject" time="0.013"/>
  <testcase classname="pos.services.BrandServicesTest" name="bulkAddErrorUnique" time="0.033"/>
</testsuite>